<?xml version="1.0" encoding="utf-8"?>
<coverage line-rate="0.7329000000000001" branch-rate="0.5603" version="1.9" timestamp="1742080815" lines-covered="1147" lines-valid="1565" branches-covered="288" branches-valid="514">
  <sources>
    <source>C:\Users\Михаил\Desktop\HSE-Software-Engineering\SE_CW_01\</source>
  </sources>
  <packages>
    <package name="HseBankLibrary" line-rate="0.7258" branch-rate="0.4523" complexity="188">
      <classes>
        <class name="HseBankLibrary.Storage.AutoIncrementStorage`3" filename="HseBankLibrary\Storage\AutoIncrementStorage.cs" line-rate="1" branch-rate="0.5" complexity="4">
          <methods>
            <method name="GetNextID" signature="()" line-rate="1" branch-rate="0.5" complexity="2">
              <lines>
                <line number="25" hits="45" branch="False" />
                <line number="26" hits="45" branch="False" />
                <line number="27" hits="45" branch="True" condition-coverage="50% (1/2)">
                  <conditions>
                    <condition number="39" type="jump" coverage="50%" />
                  </conditions>
                </line>
                <line number="28" hits="45" branch="False" />
                <line number="29" hits="45" branch="False" />
              </lines>
            </method>
            <method name=".ctor" signature="(HseBankLibrary.Storage.AutoIncrement.IAutoIncrement`1&lt;T_ID&gt;)" line-rate="1" branch-rate="0.5" complexity="2">
              <lines>
                <line number="12" hits="204" branch="False" />
                <line number="18" hits="204" branch="True" condition-coverage="50% (1/2)">
                  <conditions>
                    <condition number="3" type="jump" coverage="50%" />
                  </conditions>
                </line>
              </lines>
            </method>
          </methods>
          <lines>
            <line number="25" hits="45" branch="False" />
            <line number="26" hits="45" branch="False" />
            <line number="27" hits="45" branch="True" condition-coverage="50% (1/2)">
              <conditions>
                <condition number="39" type="jump" coverage="50%" />
              </conditions>
            </line>
            <line number="28" hits="45" branch="False" />
            <line number="29" hits="45" branch="False" />
            <line number="12" hits="204" branch="False" />
            <line number="18" hits="204" branch="True" condition-coverage="50% (1/2)">
              <conditions>
                <condition number="3" type="jump" coverage="50%" />
              </conditions>
            </line>
          </lines>
        </class>
        <class name="HseBankLibrary.Storage.CachedStorage`3" filename="HseBankLibrary\Storage\CachedStorage.cs" line-rate="0.8" branch-rate="0.5" complexity="5">
          <methods>
            <method name="Create" signature="(HseBankLibrary.Storage.IStorage`3&lt;T_ID,T,T_DTO&gt;,HseBankLibrary.Storage.AutoIncrement.IAutoIncrement`1&lt;T_ID&gt;)" line-rate="1" branch-rate="1" complexity="1">
              <lines>
                <line number="26" hits="102" branch="False" />
                <line number="27" hits="102" branch="False" />
                <line number="28" hits="102" branch="False" />
                <line number="29" hits="102" branch="False" />
                <line number="30" hits="102" branch="False" />
              </lines>
            </method>
            <method name="Ping" signature="()" line-rate="0" branch-rate="1" complexity="1">
              <lines>
                <line number="33" hits="0" branch="False" />
                <line number="34" hits="0" branch="False" />
                <line number="35" hits="0" branch="False" />
              </lines>
            </method>
            <method name="SaveData" signature="()" line-rate="1" branch-rate="1" complexity="1">
              <lines>
                <line number="41" hits="3" branch="False" />
                <line number="42" hits="3" branch="False" />
                <line number="43" hits="3" branch="False" />
              </lines>
            </method>
            <method name=".ctor" signature="(HseBankLibrary.Storage.IStorage`3&lt;T_ID,T,T_DTO&gt;,HseBankLibrary.Storage.AutoIncrement.IAutoIncrement`1&lt;T_ID&gt;)" line-rate="1" branch-rate="0.5" complexity="2">
              <lines>
                <line number="20" hits="102" branch="False" />
                <line number="21" hits="102" branch="False" />
                <line number="22" hits="102" branch="True" condition-coverage="50% (1/2)">
                  <conditions>
                    <condition number="12" type="jump" coverage="50%" />
                  </conditions>
                </line>
                <line number="23" hits="102" branch="False" />
              </lines>
            </method>
          </methods>
          <lines>
            <line number="26" hits="102" branch="False" />
            <line number="27" hits="102" branch="False" />
            <line number="28" hits="102" branch="False" />
            <line number="29" hits="102" branch="False" />
            <line number="30" hits="102" branch="False" />
            <line number="33" hits="0" branch="False" />
            <line number="34" hits="0" branch="False" />
            <line number="35" hits="0" branch="False" />
            <line number="41" hits="3" branch="False" />
            <line number="42" hits="3" branch="False" />
            <line number="43" hits="3" branch="False" />
            <line number="20" hits="102" branch="False" />
            <line number="21" hits="102" branch="False" />
            <line number="22" hits="102" branch="True" condition-coverage="50% (1/2)">
              <conditions>
                <condition number="12" type="jump" coverage="50%" />
              </conditions>
            </line>
            <line number="23" hits="102" branch="False" />
          </lines>
        </class>
        <class name="HseBankLibrary.Storage.Database" filename="HseBankLibrary\Storage\Database.cs" line-rate="0.9166" branch-rate="0.5" complexity="17">
          <methods>
            <method name="get_BankAccounts" signature="()" line-rate="1" branch-rate="1" complexity="1">
              <lines>
                <line number="17" hits="114" branch="False" />
              </lines>
            </method>
            <method name="set_BankAccounts" signature="(HseBankLibrary.Storage.CachedStorage`3&lt;System.UInt64,HseBankLibrary.Models.Domain.BankAccount,HseBankLibrary.Models.Domain.DTO.BankAccountDTO&gt;)" line-rate="1" branch-rate="1" complexity="1">
              <lines>
                <line number="18" hits="34" branch="False" />
              </lines>
            </method>
            <method name="get_Categories" signature="()" line-rate="1" branch-rate="1" complexity="1">
              <lines>
                <line number="26" hits="105" branch="False" />
              </lines>
            </method>
            <method name="set_Categories" signature="(HseBankLibrary.Storage.CachedStorage`3&lt;System.UInt64,HseBankLibrary.Models.Domain.Category,HseBankLibrary.Models.Domain.DTO.CategoryDTO&gt;)" line-rate="1" branch-rate="1" complexity="1">
              <lines>
                <line number="27" hits="34" branch="False" />
              </lines>
            </method>
            <method name="get_Operations" signature="()" line-rate="1" branch-rate="1" complexity="1">
              <lines>
                <line number="35" hits="105" branch="False" />
              </lines>
            </method>
            <method name="set_Operations" signature="(HseBankLibrary.Storage.CachedStorage`3&lt;System.String,HseBankLibrary.Models.Domain.Operation,HseBankLibrary.Models.Domain.DTO.OperationDTO&gt;)" line-rate="1" branch-rate="1" complexity="1">
              <lines>
                <line number="36" hits="34" branch="False" />
              </lines>
            </method>
            <method name="CreateBuilder" signature="()" line-rate="1" branch-rate="1" complexity="1">
              <lines>
                <line number="49" hits="34" branch="False" />
                <line number="50" hits="34" branch="False" />
                <line number="51" hits="34" branch="False" />
              </lines>
            </method>
            <method name="SaveData" signature="()" line-rate="1" branch-rate="0.5" complexity="8">
              <lines>
                <line number="148" hits="1" branch="False" />
                <line number="149" hits="1" branch="False" />
                <line number="152" hits="1" branch="True" condition-coverage="50% (1/2)">
                  <conditions>
                    <condition number="23" type="jump" coverage="50%" />
                  </conditions>
                </line>
                <line number="153" hits="1" branch="True" condition-coverage="50% (1/2)">
                  <conditions>
                    <condition number="58" type="jump" coverage="50%" />
                  </conditions>
                </line>
                <line number="154" hits="1" branch="True" condition-coverage="50% (1/2)">
                  <conditions>
                    <condition number="93" type="jump" coverage="50%" />
                  </conditions>
                </line>
                <line number="156" hits="1" branch="True" condition-coverage="50% (1/2)">
                  <conditions>
                    <condition number="130" type="jump" coverage="50%" />
                  </conditions>
                </line>
                <line number="157" hits="1" branch="False" />
              </lines>
            </method>
            <method name="SaveStorage" signature="(HseBankLibrary.Storage.CachedStorage`3&lt;T_ID,T,T_DTO&gt;)" line-rate="0.7142000000000001" branch-rate="1" complexity="1">
              <lines>
                <line number="166" hits="3" branch="False" />
                <line number="168" hits="3" branch="False" />
                <line number="169" hits="3" branch="False" />
                <line number="170" hits="3" branch="False" />
                <line number="172" hits="0" branch="False" />
                <line number="173" hits="0" branch="False" />
                <line number="174" hits="3" branch="False" />
              </lines>
            </method>
            <method name=".ctor" signature="()" line-rate="1" branch-rate="1" complexity="1">
              <lines>
                <line number="41" hits="102" branch="False" />
              </lines>
            </method>
          </methods>
          <lines>
            <line number="17" hits="114" branch="False" />
            <line number="18" hits="34" branch="False" />
            <line number="26" hits="105" branch="False" />
            <line number="27" hits="34" branch="False" />
            <line number="35" hits="105" branch="False" />
            <line number="36" hits="34" branch="False" />
            <line number="49" hits="34" branch="False" />
            <line number="50" hits="34" branch="False" />
            <line number="51" hits="34" branch="False" />
            <line number="148" hits="1" branch="False" />
            <line number="149" hits="1" branch="False" />
            <line number="152" hits="1" branch="True" condition-coverage="50% (1/2)">
              <conditions>
                <condition number="23" type="jump" coverage="50%" />
              </conditions>
            </line>
            <line number="153" hits="1" branch="True" condition-coverage="50% (1/2)">
              <conditions>
                <condition number="58" type="jump" coverage="50%" />
              </conditions>
            </line>
            <line number="154" hits="1" branch="True" condition-coverage="50% (1/2)">
              <conditions>
                <condition number="93" type="jump" coverage="50%" />
              </conditions>
            </line>
            <line number="156" hits="1" branch="True" condition-coverage="50% (1/2)">
              <conditions>
                <condition number="130" type="jump" coverage="50%" />
              </conditions>
            </line>
            <line number="157" hits="1" branch="False" />
            <line number="166" hits="3" branch="False" />
            <line number="168" hits="3" branch="False" />
            <line number="169" hits="3" branch="False" />
            <line number="170" hits="3" branch="False" />
            <line number="172" hits="0" branch="False" />
            <line number="173" hits="0" branch="False" />
            <line number="174" hits="3" branch="False" />
            <line number="41" hits="102" branch="False" />
          </lines>
        </class>
        <class name="HseBankLibrary.Storage.Database/Builder" filename="HseBankLibrary\Storage\Database.cs" line-rate="1" branch-rate="0.6175999999999999" complexity="35">
          <methods>
            <method name="SetBankAccountsStorage" signature="(HseBankLibrary.Storage.CachedStorage`3&lt;System.UInt64,HseBankLibrary.Models.Domain.BankAccount,HseBankLibrary.Models.Domain.DTO.BankAccountDTO&gt;)" line-rate="1" branch-rate="0.5" complexity="2">
              <lines>
                <line number="67" hits="34" branch="False" />
                <line number="68" hits="34" branch="True" condition-coverage="50% (1/2)">
                  <conditions>
                    <condition number="9" type="jump" coverage="50%" />
                  </conditions>
                </line>
                <line number="69" hits="34" branch="False" />
                <line number="70" hits="34" branch="False" />
              </lines>
            </method>
            <method name="SetCategoriesStorage" signature="(HseBankLibrary.Storage.CachedStorage`3&lt;System.UInt64,HseBankLibrary.Models.Domain.Category,HseBankLibrary.Models.Domain.DTO.CategoryDTO&gt;)" line-rate="1" branch-rate="0.5" complexity="2">
              <lines>
                <line number="79" hits="34" branch="False" />
                <line number="80" hits="34" branch="True" condition-coverage="50% (1/2)">
                  <conditions>
                    <condition number="9" type="jump" coverage="50%" />
                  </conditions>
                </line>
                <line number="81" hits="34" branch="False" />
                <line number="82" hits="34" branch="False" />
              </lines>
            </method>
            <method name="SetOperationsStorage" signature="(HseBankLibrary.Storage.CachedStorage`3&lt;System.String,HseBankLibrary.Models.Domain.Operation,HseBankLibrary.Models.Domain.DTO.OperationDTO&gt;)" line-rate="1" branch-rate="0.5" complexity="2">
              <lines>
                <line number="91" hits="34" branch="False" />
                <line number="92" hits="34" branch="True" condition-coverage="50% (1/2)">
                  <conditions>
                    <condition number="9" type="jump" coverage="50%" />
                  </conditions>
                </line>
                <line number="93" hits="34" branch="False" />
                <line number="94" hits="34" branch="False" />
              </lines>
            </method>
            <method name="Build" signature="()" line-rate="1" branch-rate="0.5" complexity="8">
              <lines>
                <line number="103" hits="34" branch="False" />
                <line number="105" hits="34" branch="True" condition-coverage="50% (3/6)">
                  <conditions>
                    <condition number="12" type="jump" coverage="50%" />
                    <condition number="25" type="jump" coverage="50%" />
                    <condition number="46" type="jump" coverage="50%" />
                  </conditions>
                </line>
                <line number="106" hits="34" branch="False" />
                <line number="107" hits="34" branch="False" />
                <line number="110" hits="34" branch="True" condition-coverage="50% (1/2)">
                  <conditions>
                    <condition number="60" type="jump" coverage="50%" />
                  </conditions>
                </line>
                <line number="111" hits="34" branch="False" />
              </lines>
            </method>
            <method name="IsValid" signature="()" line-rate="1" branch-rate="0.7" complexity="20">
              <lines>
                <line number="114" hits="34" branch="False" />
                <line number="116" hits="34" branch="False" />
                <line number="117" hits="37" branch="True" condition-coverage="100% (2/2)">
                  <conditions>
                    <condition number="97" type="jump" coverage="100%" />
                  </conditions>
                </line>
                <line number="118" hits="34" branch="True" condition-coverage="50% (1/2)">
                  <conditions>
                    <condition number="138" type="jump" coverage="50%" />
                  </conditions>
                </line>
                <line number="121" hits="34" branch="False" />
                <line number="122" hits="37" branch="True" condition-coverage="100% (2/2)">
                  <conditions>
                    <condition number="244" type="jump" coverage="100%" />
                  </conditions>
                </line>
                <line number="123" hits="34" branch="True" condition-coverage="50% (1/2)">
                  <conditions>
                    <condition number="285" type="jump" coverage="50%" />
                  </conditions>
                </line>
                <line number="126" hits="34" branch="False" />
                <line number="127" hits="37" branch="True" condition-coverage="100% (2/2)">
                  <conditions>
                    <condition number="393" type="jump" coverage="100%" />
                  </conditions>
                </line>
                <line number="128" hits="34" branch="True" condition-coverage="50% (1/2)">
                  <conditions>
                    <condition number="437" type="jump" coverage="50%" />
                  </conditions>
                </line>
                <line number="130" hits="108" branch="True" condition-coverage="100% (2/2)">
                  <conditions>
                    <condition number="559" type="jump" coverage="100%" />
                  </conditions>
                </line>
                <line number="131" hits="3" branch="False" />
                <line number="133" hits="3" branch="True" condition-coverage="50% (1/2)">
                  <conditions>
                    <condition number="489" type="jump" coverage="50%" />
                  </conditions>
                </line>
                <line number="134" hits="3" branch="True" condition-coverage="50% (1/2)">
                  <conditions>
                    <condition number="516" type="jump" coverage="50%" />
                  </conditions>
                </line>
                <line number="137" hits="3" branch="True" condition-coverage="50% (1/2)">
                  <conditions>
                    <condition number="544" type="jump" coverage="50%" />
                  </conditions>
                </line>
                <line number="138" hits="3" branch="False" />
                <line number="140" hits="34" branch="False" />
                <line number="141" hits="34" branch="False" />
              </lines>
            </method>
            <method name=".ctor" signature="()" line-rate="1" branch-rate="1" complexity="1">
              <lines>
                <line number="58" hits="34" branch="False" />
              </lines>
            </method>
          </methods>
          <lines>
            <line number="67" hits="34" branch="False" />
            <line number="68" hits="34" branch="True" condition-coverage="50% (1/2)">
              <conditions>
                <condition number="9" type="jump" coverage="50%" />
              </conditions>
            </line>
            <line number="69" hits="34" branch="False" />
            <line number="70" hits="34" branch="False" />
            <line number="79" hits="34" branch="False" />
            <line number="80" hits="34" branch="True" condition-coverage="50% (1/2)">
              <conditions>
                <condition number="9" type="jump" coverage="50%" />
              </conditions>
            </line>
            <line number="81" hits="34" branch="False" />
            <line number="82" hits="34" branch="False" />
            <line number="91" hits="34" branch="False" />
            <line number="92" hits="34" branch="True" condition-coverage="50% (1/2)">
              <conditions>
                <condition number="9" type="jump" coverage="50%" />
              </conditions>
            </line>
            <line number="93" hits="34" branch="False" />
            <line number="94" hits="34" branch="False" />
            <line number="103" hits="34" branch="False" />
            <line number="105" hits="34" branch="True" condition-coverage="50% (3/6)">
              <conditions>
                <condition number="12" type="jump" coverage="50%" />
                <condition number="25" type="jump" coverage="50%" />
                <condition number="46" type="jump" coverage="50%" />
              </conditions>
            </line>
            <line number="106" hits="34" branch="False" />
            <line number="107" hits="34" branch="False" />
            <line number="110" hits="34" branch="True" condition-coverage="50% (1/2)">
              <conditions>
                <condition number="60" type="jump" coverage="50%" />
              </conditions>
            </line>
            <line number="111" hits="34" branch="False" />
            <line number="114" hits="34" branch="False" />
            <line number="116" hits="34" branch="False" />
            <line number="117" hits="37" branch="True" condition-coverage="100% (2/2)">
              <conditions>
                <condition number="97" type="jump" coverage="100%" />
              </conditions>
            </line>
            <line number="118" hits="34" branch="True" condition-coverage="50% (1/2)">
              <conditions>
                <condition number="138" type="jump" coverage="50%" />
              </conditions>
            </line>
            <line number="121" hits="34" branch="False" />
            <line number="122" hits="37" branch="True" condition-coverage="100% (2/2)">
              <conditions>
                <condition number="244" type="jump" coverage="100%" />
              </conditions>
            </line>
            <line number="123" hits="34" branch="True" condition-coverage="50% (1/2)">
              <conditions>
                <condition number="285" type="jump" coverage="50%" />
              </conditions>
            </line>
            <line number="126" hits="34" branch="False" />
            <line number="127" hits="37" branch="True" condition-coverage="100% (2/2)">
              <conditions>
                <condition number="393" type="jump" coverage="100%" />
              </conditions>
            </line>
            <line number="128" hits="34" branch="True" condition-coverage="50% (1/2)">
              <conditions>
                <condition number="437" type="jump" coverage="50%" />
              </conditions>
            </line>
            <line number="130" hits="108" branch="True" condition-coverage="100% (2/2)">
              <conditions>
                <condition number="559" type="jump" coverage="100%" />
              </conditions>
            </line>
            <line number="131" hits="3" branch="False" />
            <line number="133" hits="3" branch="True" condition-coverage="50% (1/2)">
              <conditions>
                <condition number="489" type="jump" coverage="50%" />
              </conditions>
            </line>
            <line number="134" hits="3" branch="True" condition-coverage="50% (1/2)">
              <conditions>
                <condition number="516" type="jump" coverage="50%" />
              </conditions>
            </line>
            <line number="137" hits="3" branch="True" condition-coverage="50% (1/2)">
              <conditions>
                <condition number="544" type="jump" coverage="50%" />
              </conditions>
            </line>
            <line number="138" hits="3" branch="False" />
            <line number="140" hits="34" branch="False" />
            <line number="141" hits="34" branch="False" />
            <line number="58" hits="34" branch="False" />
          </lines>
        </class>
        <class name="HseBankLibrary.Storage.FileStorage`3" filename="HseBankLibrary\Storage\FileStorage.cs" line-rate="0.35710000000000003" branch-rate="0.3333" complexity="7">
          <methods>
            <method name="ReadData" signature="(ImportExportLibrary.IDataParser`1&lt;T_DTO&gt;,HseBankLibrary.Factories.IDomainFactory`2&lt;T,T_DTO&gt;)" line-rate="0.625" branch-rate="1" complexity="1">
              <lines>
                <line number="26" hits="9" branch="False" />
                <line number="28" hits="9" branch="False" />
                <line number="29" hits="9" branch="False" />
                <line number="30" hits="9" branch="False" />
                <line number="32" hits="0" branch="False" />
                <line number="33" hits="0" branch="False" />
                <line number="34" hits="0" branch="False" />
                <line number="36" hits="9" branch="False" />
              </lines>
            </method>
            <method name="WriteData" signature="(System.Collections.Generic.IEnumerable`1&lt;T&gt;,ImportExportLibrary.IDataParser`1&lt;T_DTO&gt;)" line-rate="0" branch-rate="0" complexity="2">
              <lines>
                <line number="39" hits="0" branch="False" />
                <line number="41" hits="0" branch="False" />
                <line number="42" hits="0" branch="False" />
                <line number="43" hits="0" branch="True" condition-coverage="0% (0/2)">
                  <conditions>
                    <condition number="22" type="jump" coverage="0%" />
                  </conditions>
                </line>
                <line number="44" hits="0" branch="False" />
                <line number="45" hits="0" branch="False" />
                <line number="46" hits="0" branch="False" />
                <line number="47" hits="0" branch="False" />
                <line number="49" hits="0" branch="False" />
              </lines>
            </method>
            <method name="Ping" signature="()" line-rate="0.3333" branch-rate="0.5" complexity="2">
              <lines>
                <line number="52" hits="9" branch="False" />
                <line number="54" hits="18" branch="True" condition-coverage="50% (1/2)">
                  <conditions>
                    <condition number="14" type="jump" coverage="50%" />
                  </conditions>
                </line>
                <line number="58" hits="0" branch="False" />
                <line number="59" hits="0" branch="False" />
                <line number="60" hits="0" branch="False" />
                <line number="62" hits="0" branch="False" />
                <line number="63" hits="0" branch="False" />
                <line number="64" hits="0" branch="False" />
                <line number="66" hits="9" branch="False" />
              </lines>
            </method>
            <method name=".ctor" signature="(System.String,ImportExportLibrary.IDataParser`1&lt;T_DTO&gt;,HseBankLibrary.Storage.AutoIncrement.IAutoIncrement`1&lt;T_ID&gt;,HseBankLibrary.Factories.IDomainFactory`2&lt;T,T_DTO&gt;)" line-rate="1" branch-rate="0.5" complexity="2">
              <lines>
                <line number="20" hits="9" branch="False" />
                <line number="23" hits="9" branch="True" condition-coverage="50% (1/2)">
                  <conditions>
                    <condition number="3" type="jump" coverage="50%" />
                  </conditions>
                </line>
              </lines>
            </method>
          </methods>
          <lines>
            <line number="26" hits="9" branch="False" />
            <line number="28" hits="9" branch="False" />
            <line number="29" hits="9" branch="False" />
            <line number="30" hits="9" branch="False" />
            <line number="32" hits="0" branch="False" />
            <line number="33" hits="0" branch="False" />
            <line number="34" hits="0" branch="False" />
            <line number="36" hits="9" branch="False" />
            <line number="39" hits="0" branch="False" />
            <line number="41" hits="0" branch="False" />
            <line number="42" hits="0" branch="False" />
            <line number="43" hits="0" branch="True" condition-coverage="0% (0/2)">
              <conditions>
                <condition number="22" type="jump" coverage="0%" />
              </conditions>
            </line>
            <line number="44" hits="0" branch="False" />
            <line number="45" hits="0" branch="False" />
            <line number="46" hits="0" branch="False" />
            <line number="47" hits="0" branch="False" />
            <line number="49" hits="0" branch="False" />
            <line number="52" hits="9" branch="False" />
            <line number="54" hits="18" branch="True" condition-coverage="50% (1/2)">
              <conditions>
                <condition number="14" type="jump" coverage="50%" />
              </conditions>
            </line>
            <line number="58" hits="0" branch="False" />
            <line number="59" hits="0" branch="False" />
            <line number="60" hits="0" branch="False" />
            <line number="62" hits="0" branch="False" />
            <line number="63" hits="0" branch="False" />
            <line number="64" hits="0" branch="False" />
            <line number="66" hits="9" branch="False" />
            <line number="20" hits="9" branch="False" />
            <line number="23" hits="9" branch="True" condition-coverage="50% (1/2)">
              <conditions>
                <condition number="3" type="jump" coverage="50%" />
              </conditions>
            </line>
          </lines>
        </class>
        <class name="HseBankLibrary.Storage.MemoryStorage`3" filename="HseBankLibrary\Storage\MemoryStorage.cs" line-rate="0.8205" branch-rate="0.7" complexity="25">
          <methods>
            <method name="GetAll" signature="()" line-rate="1" branch-rate="1" complexity="1">
              <lines>
                <line number="21" hits="248" branch="False" />
                <line number="22" hits="248" branch="False" />
                <line number="23" hits="248" branch="False" />
              </lines>
            </method>
            <method name="Get" signature="(T_ID)" line-rate="1" branch-rate="1" complexity="1">
              <lines>
                <line number="26" hits="49" branch="False" />
                <line number="27" hits="49" branch="False" />
                <line number="28" hits="49" branch="False" />
              </lines>
            </method>
            <method name="Add" signature="(T)" line-rate="1" branch-rate="0.5" complexity="2">
              <lines>
                <line number="31" hits="45" branch="False" />
                <line number="32" hits="45" branch="True" condition-coverage="50% (1/2)">
                  <conditions>
                    <condition number="12" type="jump" coverage="50%" />
                  </conditions>
                </line>
                <line number="34" hits="45" branch="False" />
                <line number="35" hits="45" branch="False" />
                <line number="36" hits="45" branch="False" />
                <line number="37" hits="45" branch="False" />
                <line number="38" hits="45" branch="False" />
              </lines>
            </method>
            <method name="Update" signature="(T_ID,T)" line-rate="1" branch-rate="0.5" complexity="4">
              <lines>
                <line number="41" hits="6" branch="False" />
                <line number="42" hits="6" branch="True" condition-coverage="50% (1/2)">
                  <conditions>
                    <condition number="12" type="jump" coverage="50%" />
                  </conditions>
                </line>
                <line number="44" hits="6" branch="True" condition-coverage="50% (1/2)">
                  <conditions>
                    <condition number="42" type="jump" coverage="50%" />
                  </conditions>
                </line>
                <line number="45" hits="6" branch="False" />
                <line number="46" hits="6" branch="False" />
                <line number="47" hits="6" branch="False" />
                <line number="48" hits="6" branch="False" />
              </lines>
            </method>
            <method name="Delete" signature="(T_ID)" line-rate="1" branch-rate="1" complexity="1">
              <lines>
                <line number="51" hits="3" branch="False" />
                <line number="52" hits="3" branch="False" />
                <line number="53" hits="3" branch="False" />
              </lines>
            </method>
            <method name="Ping" signature="()" line-rate="0" branch-rate="1" complexity="1">
              <lines>
                <line number="56" hits="0" branch="False" />
                <line number="57" hits="0" branch="False" />
                <line number="58" hits="0" branch="False" />
              </lines>
            </method>
            <method name="Rewrite" signature="(HseBankLibrary.Storage.IStorage`3&lt;T_ID,T,T_DTO&gt;)" line-rate="0.6363" branch-rate="0.7857" complexity="14">
              <lines>
                <line number="61" hits="114" branch="False" />
                <line number="62" hits="114" branch="False" />
                <line number="63" hits="114" branch="True" condition-coverage="50% (1/2)">
                  <conditions>
                    <condition number="20" type="jump" coverage="50%" />
                  </conditions>
                </line>
                <line number="65" hits="132" branch="True" condition-coverage="75% (3/4)">
                  <conditions>
                    <condition number="42" type="jump" coverage="100%" />
                    <condition number="74" type="jump" coverage="50%" />
                  </conditions>
                </line>
                <line number="66" hits="0" branch="False" />
                <line number="67" hits="0" branch="False" />
                <line number="70" hits="150" branch="True" condition-coverage="83.33% (5/6)">
                  <conditions>
                    <condition number="95" type="jump" coverage="100%" />
                    <condition number="131" type="jump" coverage="100%" />
                    <condition number="163" type="jump" coverage="50%" />
                  </conditions>
                </line>
                <line number="71" hits="0" branch="False" />
                <line number="72" hits="0" branch="False" />
                <line number="75" hits="132" branch="True" condition-coverage="100% (2/2)">
                  <conditions>
                    <condition number="185" type="jump" coverage="100%" />
                  </conditions>
                </line>
                <line number="76" hits="114" branch="False" />
              </lines>
            </method>
            <method name=".ctor" signature="(HseBankLibrary.Storage.AutoIncrement.IAutoIncrement`1&lt;T_ID&gt;)" line-rate="1" branch-rate="1" complexity="1">
              <lines>
                <line number="12" hits="195" branch="False" />
                <line number="18" hits="195" branch="False" />
              </lines>
            </method>
          </methods>
          <lines>
            <line number="21" hits="248" branch="False" />
            <line number="22" hits="248" branch="False" />
            <line number="23" hits="248" branch="False" />
            <line number="26" hits="49" branch="False" />
            <line number="27" hits="49" branch="False" />
            <line number="28" hits="49" branch="False" />
            <line number="31" hits="45" branch="False" />
            <line number="32" hits="45" branch="True" condition-coverage="50% (1/2)">
              <conditions>
                <condition number="12" type="jump" coverage="50%" />
              </conditions>
            </line>
            <line number="34" hits="45" branch="False" />
            <line number="35" hits="45" branch="False" />
            <line number="36" hits="45" branch="False" />
            <line number="37" hits="45" branch="False" />
            <line number="38" hits="45" branch="False" />
            <line number="41" hits="6" branch="False" />
            <line number="42" hits="6" branch="True" condition-coverage="50% (1/2)">
              <conditions>
                <condition number="12" type="jump" coverage="50%" />
              </conditions>
            </line>
            <line number="44" hits="6" branch="True" condition-coverage="50% (1/2)">
              <conditions>
                <condition number="42" type="jump" coverage="50%" />
              </conditions>
            </line>
            <line number="45" hits="6" branch="False" />
            <line number="46" hits="6" branch="False" />
            <line number="47" hits="6" branch="False" />
            <line number="48" hits="6" branch="False" />
            <line number="51" hits="3" branch="False" />
            <line number="52" hits="3" branch="False" />
            <line number="53" hits="3" branch="False" />
            <line number="56" hits="0" branch="False" />
            <line number="57" hits="0" branch="False" />
            <line number="58" hits="0" branch="False" />
            <line number="61" hits="114" branch="False" />
            <line number="62" hits="114" branch="False" />
            <line number="63" hits="114" branch="True" condition-coverage="50% (1/2)">
              <conditions>
                <condition number="20" type="jump" coverage="50%" />
              </conditions>
            </line>
            <line number="65" hits="132" branch="True" condition-coverage="75% (3/4)">
              <conditions>
                <condition number="42" type="jump" coverage="100%" />
                <condition number="74" type="jump" coverage="50%" />
              </conditions>
            </line>
            <line number="66" hits="0" branch="False" />
            <line number="67" hits="0" branch="False" />
            <line number="70" hits="150" branch="True" condition-coverage="83.33% (5/6)">
              <conditions>
                <condition number="95" type="jump" coverage="100%" />
                <condition number="131" type="jump" coverage="100%" />
                <condition number="163" type="jump" coverage="50%" />
              </conditions>
            </line>
            <line number="71" hits="0" branch="False" />
            <line number="72" hits="0" branch="False" />
            <line number="75" hits="132" branch="True" condition-coverage="100% (2/2)">
              <conditions>
                <condition number="185" type="jump" coverage="100%" />
              </conditions>
            </line>
            <line number="76" hits="114" branch="False" />
            <line number="12" hits="195" branch="False" />
            <line number="18" hits="195" branch="False" />
          </lines>
        </class>
        <class name="HseBankLibrary.Storage.StorageBase`3" filename="HseBankLibrary\Storage\StorageBase.cs" line-rate="0.10339999999999999" branch-rate="0.07690000000000001" complexity="28">
          <methods>
            <method name="Add" signature="(T)" line-rate="0" branch-rate="0" complexity="2">
              <lines>
                <line number="43" hits="0" branch="False" />
                <line number="44" hits="0" branch="True" condition-coverage="0% (0/2)">
                  <conditions>
                    <condition number="12" type="jump" coverage="0%" />
                  </conditions>
                </line>
                <line number="46" hits="0" branch="False" />
                <line number="48" hits="0" branch="False" />
                <line number="49" hits="0" branch="False" />
                <line number="50" hits="0" branch="False" />
                <line number="52" hits="0" branch="False" />
                <line number="53" hits="0" branch="False" />
                <line number="54" hits="0" branch="False" />
              </lines>
            </method>
            <method name="GetAll" signature="()" line-rate="1" branch-rate="1" complexity="1">
              <lines>
                <line number="57" hits="9" branch="False" />
                <line number="58" hits="9" branch="False" />
                <line number="59" hits="9" branch="False" />
              </lines>
            </method>
            <method name="Delete" signature="(T_ID)" line-rate="0" branch-rate="0" complexity="4">
              <lines>
                <line number="62" hits="0" branch="False" />
                <line number="63" hits="0" branch="False" />
                <line number="64" hits="0" branch="False" />
                <line number="66" hits="0" branch="False" />
                <line number="67" hits="0" branch="False" />
                <line number="68" hits="0" branch="True" condition-coverage="0% (0/2)">
                  <conditions>
                    <condition number="35" type="jump" coverage="0%" />
                  </conditions>
                </line>
                <line number="69" hits="0" branch="False" />
                <line number="70" hits="0" branch="False" />
                <line number="71" hits="0" branch="False" />
                <line number="73" hits="0" branch="True" condition-coverage="0% (0/2)">
                  <conditions>
                    <condition number="70" type="jump" coverage="0%" />
                  </conditions>
                </line>
                <line number="74" hits="0" branch="False" />
                <line number="75" hits="0" branch="False" />
                <line number="76" hits="0" branch="False" />
              </lines>
            </method>
            <method name="Get" signature="(T_ID)" line-rate="0" branch-rate="1" complexity="1">
              <lines>
                <line number="79" hits="0" branch="False" />
                <line number="80" hits="0" branch="False" />
                <line number="81" hits="0" branch="False" />
                <line number="82" hits="0" branch="False" />
              </lines>
            </method>
            <method name="Update" signature="(T_ID,T)" line-rate="0" branch-rate="0" complexity="6">
              <lines>
                <line number="85" hits="0" branch="False" />
                <line number="86" hits="0" branch="True" condition-coverage="0% (0/2)">
                  <conditions>
                    <condition number="37" type="jump" coverage="0%" />
                  </conditions>
                </line>
                <line number="88" hits="0" branch="False" />
                <line number="89" hits="0" branch="False" />
                <line number="91" hits="0" branch="False" />
                <line number="92" hits="0" branch="False" />
                <line number="93" hits="0" branch="True" condition-coverage="0% (0/2)">
                  <conditions>
                    <condition number="35" type="jump" coverage="0%" />
                  </conditions>
                </line>
                <line number="94" hits="0" branch="False" />
                <line number="95" hits="0" branch="False" />
                <line number="96" hits="0" branch="False" />
                <line number="97" hits="0" branch="False" />
                <line number="99" hits="0" branch="True" condition-coverage="0% (0/2)">
                  <conditions>
                    <condition number="106" type="jump" coverage="0%" />
                  </conditions>
                </line>
                <line number="100" hits="0" branch="False" />
                <line number="101" hits="0" branch="False" />
                <line number="102" hits="0" branch="False" />
              </lines>
            </method>
            <method name="Rewrite" signature="(HseBankLibrary.Storage.IStorage`3&lt;T_ID,T,T_DTO&gt;)" line-rate="0" branch-rate="0" complexity="10">
              <lines>
                <line number="105" hits="0" branch="False" />
                <line number="106" hits="0" branch="False" />
                <line number="107" hits="0" branch="False" />
                <line number="109" hits="0" branch="True" condition-coverage="0% (0/4)">
                  <conditions>
                    <condition number="27" type="jump" coverage="0%" />
                    <condition number="59" type="jump" coverage="0%" />
                  </conditions>
                </line>
                <line number="110" hits="0" branch="False" />
                <line number="111" hits="0" branch="False" />
                <line number="114" hits="0" branch="True" condition-coverage="0% (0/6)">
                  <conditions>
                    <condition number="80" type="jump" coverage="0%" />
                    <condition number="116" type="jump" coverage="0%" />
                    <condition number="148" type="jump" coverage="0%" />
                  </conditions>
                </line>
                <line number="115" hits="0" branch="False" />
                <line number="116" hits="0" branch="False" />
                <line number="119" hits="0" branch="False" />
                <line number="120" hits="0" branch="False" />
              </lines>
            </method>
            <method name=".ctor" signature="(ImportExportLibrary.IDataParser`1&lt;T_DTO&gt;,HseBankLibrary.Storage.AutoIncrement.IAutoIncrement`1&lt;T_ID&gt;,HseBankLibrary.Factories.IDomainFactory`2&lt;T,T_DTO&gt;)" line-rate="1" branch-rate="0.5" complexity="4">
              <lines>
                <line number="19" hits="9" branch="False" />
                <line number="22" hits="9" branch="True" condition-coverage="50% (1/2)">
                  <conditions>
                    <condition number="3" type="jump" coverage="50%" />
                  </conditions>
                </line>
                <line number="23" hits="9" branch="True" condition-coverage="50% (1/2)">
                  <conditions>
                    <condition number="25" type="jump" coverage="50%" />
                  </conditions>
                </line>
              </lines>
            </method>
          </methods>
          <lines>
            <line number="43" hits="0" branch="False" />
            <line number="44" hits="0" branch="True" condition-coverage="0% (0/2)">
              <conditions>
                <condition number="12" type="jump" coverage="0%" />
              </conditions>
            </line>
            <line number="46" hits="0" branch="False" />
            <line number="48" hits="0" branch="False" />
            <line number="49" hits="0" branch="False" />
            <line number="50" hits="0" branch="False" />
            <line number="52" hits="0" branch="False" />
            <line number="53" hits="0" branch="False" />
            <line number="54" hits="0" branch="False" />
            <line number="57" hits="9" branch="False" />
            <line number="58" hits="9" branch="False" />
            <line number="59" hits="9" branch="False" />
            <line number="62" hits="0" branch="False" />
            <line number="63" hits="0" branch="False" />
            <line number="64" hits="0" branch="False" />
            <line number="66" hits="0" branch="False" />
            <line number="67" hits="0" branch="False" />
            <line number="68" hits="0" branch="True" condition-coverage="0% (0/2)">
              <conditions>
                <condition number="35" type="jump" coverage="0%" />
              </conditions>
            </line>
            <line number="69" hits="0" branch="False" />
            <line number="70" hits="0" branch="False" />
            <line number="71" hits="0" branch="False" />
            <line number="73" hits="0" branch="True" condition-coverage="0% (0/2)">
              <conditions>
                <condition number="70" type="jump" coverage="0%" />
              </conditions>
            </line>
            <line number="74" hits="0" branch="False" />
            <line number="75" hits="0" branch="False" />
            <line number="76" hits="0" branch="False" />
            <line number="79" hits="0" branch="False" />
            <line number="80" hits="0" branch="False" />
            <line number="81" hits="0" branch="False" />
            <line number="82" hits="0" branch="False" />
            <line number="85" hits="0" branch="False" />
            <line number="86" hits="0" branch="True" condition-coverage="0% (0/2)">
              <conditions>
                <condition number="37" type="jump" coverage="0%" />
              </conditions>
            </line>
            <line number="88" hits="0" branch="False" />
            <line number="89" hits="0" branch="False" />
            <line number="91" hits="0" branch="False" />
            <line number="92" hits="0" branch="False" />
            <line number="93" hits="0" branch="True" condition-coverage="0% (0/2)">
              <conditions>
                <condition number="35" type="jump" coverage="0%" />
              </conditions>
            </line>
            <line number="94" hits="0" branch="False" />
            <line number="95" hits="0" branch="False" />
            <line number="96" hits="0" branch="False" />
            <line number="97" hits="0" branch="False" />
            <line number="99" hits="0" branch="True" condition-coverage="0% (0/2)">
              <conditions>
                <condition number="106" type="jump" coverage="0%" />
              </conditions>
            </line>
            <line number="100" hits="0" branch="False" />
            <line number="101" hits="0" branch="False" />
            <line number="102" hits="0" branch="False" />
            <line number="105" hits="0" branch="False" />
            <line number="106" hits="0" branch="False" />
            <line number="107" hits="0" branch="False" />
            <line number="109" hits="0" branch="True" condition-coverage="0% (0/4)">
              <conditions>
                <condition number="27" type="jump" coverage="0%" />
                <condition number="59" type="jump" coverage="0%" />
              </conditions>
            </line>
            <line number="110" hits="0" branch="False" />
            <line number="111" hits="0" branch="False" />
            <line number="114" hits="0" branch="True" condition-coverage="0% (0/6)">
              <conditions>
                <condition number="80" type="jump" coverage="0%" />
                <condition number="116" type="jump" coverage="0%" />
                <condition number="148" type="jump" coverage="0%" />
              </conditions>
            </line>
            <line number="115" hits="0" branch="False" />
            <line number="116" hits="0" branch="False" />
            <line number="119" hits="0" branch="False" />
            <line number="120" hits="0" branch="False" />
            <line number="19" hits="9" branch="False" />
            <line number="22" hits="9" branch="True" condition-coverage="50% (1/2)">
              <conditions>
                <condition number="3" type="jump" coverage="50%" />
              </conditions>
            </line>
            <line number="23" hits="9" branch="True" condition-coverage="50% (1/2)">
              <conditions>
                <condition number="25" type="jump" coverage="50%" />
              </conditions>
            </line>
          </lines>
        </class>
        <class name="HseBankLibrary.Storage.AutoIncrement.StringAutoIncrement" filename="HseBankLibrary\Storage\AutoIncrement\StringAutoIncrement.cs" line-rate="1" branch-rate="1" complexity="1">
          <methods>
            <method name="GetNext" signature="()" line-rate="1" branch-rate="1" complexity="1">
              <lines>
                <line number="9" hits="13" branch="False" />
                <line number="10" hits="13" branch="False" />
                <line number="11" hits="13" branch="False" />
              </lines>
            </method>
          </methods>
          <lines>
            <line number="9" hits="13" branch="False" />
            <line number="10" hits="13" branch="False" />
            <line number="11" hits="13" branch="False" />
          </lines>
        </class>
        <class name="HseBankLibrary.Storage.AutoIncrement.UlongAutoIncrement" filename="HseBankLibrary\Storage\AutoIncrement\UlongAutoIncrement.cs" line-rate="1" branch-rate="1" complexity="2">
          <methods>
            <method name="GetNext" signature="()" line-rate="1" branch-rate="1" complexity="1">
              <lines>
                <line number="13" hits="32" branch="False" />
                <line number="14" hits="32" branch="False" />
                <line number="15" hits="32" branch="False" />
              </lines>
            </method>
            <method name=".ctor" signature="()" line-rate="1" branch-rate="1" complexity="1">
              <lines>
                <line number="8" hits="68" branch="False" />
                <line number="10" hits="204" branch="False" />
              </lines>
            </method>
          </methods>
          <lines>
            <line number="13" hits="32" branch="False" />
            <line number="14" hits="32" branch="False" />
            <line number="15" hits="32" branch="False" />
            <line number="8" hits="68" branch="False" />
            <line number="10" hits="204" branch="False" />
          </lines>
        </class>
        <class name="HseBankLibrary.Models.Configuration" filename="HseBankLibrary\Models\Configuration.cs" line-rate="0.6666" branch-rate="0.125" complexity="13">
          <methods>
            <method name="get_StoragePath" signature="()" line-rate="0" branch-rate="1" complexity="1">
              <lines>
                <line number="18" hits="0" branch="False" />
              </lines>
            </method>
            <method name="set_StoragePath" signature="(System.String)" line-rate="1" branch-rate="0.5" complexity="2">
              <lines>
                <line number="19" hits="11" branch="True" condition-coverage="50% (1/2)">
                  <conditions>
                    <condition number="7" type="jump" coverage="50%" />
                  </conditions>
                </line>
              </lines>
            </method>
            <method name="get_BankAccountsFileName" signature="()" line-rate="1" branch-rate="1" complexity="1">
              <lines>
                <line number="27" hits="18" branch="False" />
              </lines>
            </method>
            <method name="set_BankAccountsFileName" signature="(System.String)" line-rate="0" branch-rate="0" complexity="2">
              <lines>
                <line number="28" hits="0" branch="True" condition-coverage="0% (0/2)">
                  <conditions>
                    <condition number="7" type="jump" coverage="0%" />
                  </conditions>
                </line>
              </lines>
            </method>
            <method name="get_CategoriesFileName" signature="()" line-rate="1" branch-rate="1" complexity="1">
              <lines>
                <line number="36" hits="18" branch="False" />
              </lines>
            </method>
            <method name="set_CategoriesFileName" signature="(System.String)" line-rate="0" branch-rate="0" complexity="2">
              <lines>
                <line number="37" hits="0" branch="True" condition-coverage="0% (0/2)">
                  <conditions>
                    <condition number="7" type="jump" coverage="0%" />
                  </conditions>
                </line>
              </lines>
            </method>
            <method name="get_OperationsFileName" signature="()" line-rate="1" branch-rate="1" complexity="1">
              <lines>
                <line number="45" hits="18" branch="False" />
              </lines>
            </method>
            <method name="set_OperationsFileName" signature="(System.String)" line-rate="0" branch-rate="0" complexity="2">
              <lines>
                <line number="46" hits="0" branch="True" condition-coverage="0% (0/2)">
                  <conditions>
                    <condition number="7" type="jump" coverage="0%" />
                  </conditions>
                </line>
              </lines>
            </method>
            <method name=".ctor" signature="()" line-rate="1" branch-rate="1" complexity="1">
              <lines>
                <line number="8" hits="11" branch="False" />
                <line number="9" hits="11" branch="False" />
                <line number="10" hits="11" branch="False" />
                <line number="11" hits="11" branch="False" />
              </lines>
            </method>
          </methods>
          <lines>
            <line number="18" hits="0" branch="False" />
            <line number="19" hits="11" branch="True" condition-coverage="50% (1/2)">
              <conditions>
                <condition number="7" type="jump" coverage="50%" />
              </conditions>
            </line>
            <line number="27" hits="18" branch="False" />
            <line number="28" hits="0" branch="True" condition-coverage="0% (0/2)">
              <conditions>
                <condition number="7" type="jump" coverage="0%" />
              </conditions>
            </line>
            <line number="36" hits="18" branch="False" />
            <line number="37" hits="0" branch="True" condition-coverage="0% (0/2)">
              <conditions>
                <condition number="7" type="jump" coverage="0%" />
              </conditions>
            </line>
            <line number="45" hits="18" branch="False" />
            <line number="46" hits="0" branch="True" condition-coverage="0% (0/2)">
              <conditions>
                <condition number="7" type="jump" coverage="0%" />
              </conditions>
            </line>
            <line number="8" hits="11" branch="False" />
            <line number="9" hits="11" branch="False" />
            <line number="10" hits="11" branch="False" />
            <line number="11" hits="11" branch="False" />
          </lines>
        </class>
        <class name="HseBankLibrary.Models.Domain.BankAccount" filename="HseBankLibrary\Models\Domain\BankAccount.cs" line-rate="1" branch-rate="0.5" complexity="7">
          <methods>
            <method name="get_ID" signature="()" line-rate="1" branch-rate="1" complexity="1">
              <lines>
                <line number="12" hits="70" branch="False" />
              </lines>
            </method>
            <method name="get_Name" signature="()" line-rate="1" branch-rate="1" complexity="1">
              <lines>
                <line number="16" hits="16" branch="False" />
              </lines>
            </method>
            <method name="set_Name" signature="(System.String)" line-rate="1" branch-rate="0.5" complexity="2">
              <lines>
                <line number="17" hits="21" branch="True" condition-coverage="50% (1/2)">
                  <conditions>
                    <condition number="3" type="jump" coverage="50%" />
                  </conditions>
                </line>
              </lines>
            </method>
            <method name="get_Balance" signature="()" line-rate="1" branch-rate="1" complexity="1">
              <lines>
                <line number="20" hits="64" branch="False" />
              </lines>
            </method>
            <method name="ToDTO" signature="()" line-rate="1" branch-rate="1" complexity="1">
              <lines>
                <line number="23" hits="4" branch="False" />
                <line number="24" hits="4" branch="False" />
                <line number="25" hits="4" branch="False" />
                <line number="26" hits="4" branch="False" />
                <line number="27" hits="4" branch="False" />
                <line number="28" hits="4" branch="False" />
                <line number="29" hits="4" branch="False" />
                <line number="30" hits="4" branch="False" />
              </lines>
            </method>
            <method name=".ctor" signature="()" line-rate="1" branch-rate="1" complexity="1">
              <lines>
                <line number="10" hits="20" branch="False" />
              </lines>
            </method>
          </methods>
          <lines>
            <line number="12" hits="70" branch="False" />
            <line number="16" hits="16" branch="False" />
            <line number="17" hits="21" branch="True" condition-coverage="50% (1/2)">
              <conditions>
                <condition number="3" type="jump" coverage="50%" />
              </conditions>
            </line>
            <line number="20" hits="64" branch="False" />
            <line number="23" hits="4" branch="False" />
            <line number="24" hits="4" branch="False" />
            <line number="25" hits="4" branch="False" />
            <line number="26" hits="4" branch="False" />
            <line number="27" hits="4" branch="False" />
            <line number="28" hits="4" branch="False" />
            <line number="29" hits="4" branch="False" />
            <line number="30" hits="4" branch="False" />
            <line number="10" hits="20" branch="False" />
          </lines>
        </class>
        <class name="HseBankLibrary.Models.Domain.Category" filename="HseBankLibrary\Models\Domain\Category.cs" line-rate="1" branch-rate="0.5" complexity="6">
          <methods>
            <method name="get_ID" signature="()" line-rate="1" branch-rate="1" complexity="1">
              <lines>
                <line number="12" hits="51" branch="False" />
              </lines>
            </method>
            <method name="get_Name" signature="()" line-rate="1" branch-rate="1" complexity="1">
              <lines>
                <line number="16" hits="14" branch="False" />
              </lines>
            </method>
            <method name="set_Name" signature="(System.String)" line-rate="1" branch-rate="0.5" complexity="2">
              <lines>
                <line number="17" hits="21" branch="True" condition-coverage="50% (1/2)">
                  <conditions>
                    <condition number="3" type="jump" coverage="50%" />
                  </conditions>
                </line>
              </lines>
            </method>
            <method name="ToDTO" signature="()" line-rate="1" branch-rate="1" complexity="1">
              <lines>
                <line number="21" hits="4" branch="False" />
                <line number="22" hits="4" branch="False" />
                <line number="23" hits="4" branch="False" />
                <line number="24" hits="4" branch="False" />
                <line number="25" hits="4" branch="False" />
                <line number="26" hits="4" branch="False" />
                <line number="27" hits="4" branch="False" />
              </lines>
            </method>
            <method name=".ctor" signature="()" line-rate="1" branch-rate="1" complexity="1">
              <lines>
                <line number="10" hits="20" branch="False" />
              </lines>
            </method>
          </methods>
          <lines>
            <line number="12" hits="51" branch="False" />
            <line number="16" hits="14" branch="False" />
            <line number="17" hits="21" branch="True" condition-coverage="50% (1/2)">
              <conditions>
                <condition number="3" type="jump" coverage="50%" />
              </conditions>
            </line>
            <line number="21" hits="4" branch="False" />
            <line number="22" hits="4" branch="False" />
            <line number="23" hits="4" branch="False" />
            <line number="24" hits="4" branch="False" />
            <line number="25" hits="4" branch="False" />
            <line number="26" hits="4" branch="False" />
            <line number="27" hits="4" branch="False" />
            <line number="10" hits="20" branch="False" />
          </lines>
        </class>
        <class name="HseBankLibrary.Models.Domain.Operation" filename="HseBankLibrary\Models\Domain\Operation.cs" line-rate="1" branch-rate="0.5" complexity="15">
          <methods>
            <method name="get_ID" signature="()" line-rate="1" branch-rate="1" complexity="1">
              <lines>
                <line number="16" hits="26" branch="False" />
              </lines>
            </method>
            <method name="set_ID" signature="(System.String)" line-rate="1" branch-rate="0.5" complexity="2">
              <lines>
                <line number="17" hits="19" branch="True" condition-coverage="50% (1/2)">
                  <conditions>
                    <condition number="3" type="jump" coverage="50%" />
                  </conditions>
                </line>
              </lines>
            </method>
            <method name="get_IsIncome" signature="()" line-rate="1" branch-rate="1" complexity="1">
              <lines>
                <line number="20" hits="40" branch="False" />
              </lines>
            </method>
            <method name="get_BankAccountID" signature="()" line-rate="1" branch-rate="1" complexity="1">
              <lines>
                <line number="22" hits="41" branch="False" />
              </lines>
            </method>
            <method name="get_CategoryID" signature="()" line-rate="1" branch-rate="1" complexity="1">
              <lines>
                <line number="24" hits="33" branch="False" />
              </lines>
            </method>
            <method name="get_Amount" signature="()" line-rate="1" branch-rate="1" complexity="1">
              <lines>
                <line number="28" hits="24" branch="False" />
              </lines>
            </method>
            <method name="set_Amount" signature="(System.Decimal)" line-rate="1" branch-rate="0.5" complexity="2">
              <lines>
                <line number="29" hits="18" branch="True" condition-coverage="50% (1/2)">
                  <conditions>
                    <condition number="12" type="jump" coverage="50%" />
                  </conditions>
                </line>
              </lines>
            </method>
            <method name="get_Date" signature="()" line-rate="1" branch-rate="1" complexity="1">
              <lines>
                <line number="32" hits="43" branch="False" />
              </lines>
            </method>
            <method name="get_Description" signature="()" line-rate="1" branch-rate="1" complexity="1">
              <lines>
                <line number="36" hits="10" branch="False" />
              </lines>
            </method>
            <method name="set_Description" signature="(System.String)" line-rate="1" branch-rate="0.5" complexity="2">
              <lines>
                <line number="37" hits="10" branch="True" condition-coverage="50% (1/2)">
                  <conditions>
                    <condition number="3" type="jump" coverage="50%" />
                  </conditions>
                </line>
              </lines>
            </method>
            <method name="ToDTO" signature="()" line-rate="1" branch-rate="1" complexity="1">
              <lines>
                <line number="41" hits="4" branch="False" />
                <line number="42" hits="4" branch="False" />
                <line number="43" hits="4" branch="False" />
                <line number="44" hits="4" branch="False" />
                <line number="45" hits="4" branch="False" />
                <line number="46" hits="4" branch="False" />
                <line number="47" hits="4" branch="False" />
                <line number="48" hits="4" branch="False" />
                <line number="49" hits="4" branch="False" />
                <line number="50" hits="4" branch="False" />
                <line number="51" hits="4" branch="False" />
                <line number="52" hits="4" branch="False" />
              </lines>
            </method>
            <method name=".ctor" signature="()" line-rate="1" branch-rate="1" complexity="1">
              <lines>
                <line number="10" hits="17" branch="False" />
                <line number="12" hits="17" branch="False" />
              </lines>
            </method>
          </methods>
          <lines>
            <line number="16" hits="26" branch="False" />
            <line number="17" hits="19" branch="True" condition-coverage="50% (1/2)">
              <conditions>
                <condition number="3" type="jump" coverage="50%" />
              </conditions>
            </line>
            <line number="20" hits="40" branch="False" />
            <line number="22" hits="41" branch="False" />
            <line number="24" hits="33" branch="False" />
            <line number="28" hits="24" branch="False" />
            <line number="29" hits="18" branch="True" condition-coverage="50% (1/2)">
              <conditions>
                <condition number="12" type="jump" coverage="50%" />
              </conditions>
            </line>
            <line number="32" hits="43" branch="False" />
            <line number="36" hits="10" branch="False" />
            <line number="37" hits="10" branch="True" condition-coverage="50% (1/2)">
              <conditions>
                <condition number="3" type="jump" coverage="50%" />
              </conditions>
            </line>
            <line number="41" hits="4" branch="False" />
            <line number="42" hits="4" branch="False" />
            <line number="43" hits="4" branch="False" />
            <line number="44" hits="4" branch="False" />
            <line number="45" hits="4" branch="False" />
            <line number="46" hits="4" branch="False" />
            <line number="47" hits="4" branch="False" />
            <line number="48" hits="4" branch="False" />
            <line number="49" hits="4" branch="False" />
            <line number="50" hits="4" branch="False" />
            <line number="51" hits="4" branch="False" />
            <line number="52" hits="4" branch="False" />
            <line number="10" hits="17" branch="False" />
            <line number="12" hits="17" branch="False" />
          </lines>
        </class>
        <class name="HseBankLibrary.Models.Domain.DTO.BankAccountDTO" filename="HseBankLibrary\Models\Domain\DTO\BankAccountDTO.cs" line-rate="1" branch-rate="1" complexity="3">
          <methods>
            <method name="get_ID" signature="()" line-rate="1" branch-rate="1" complexity="1">
              <lines>
                <line number="5" hits="15" branch="False" />
              </lines>
            </method>
            <method name="get_Name" signature="()" line-rate="1" branch-rate="1" complexity="1">
              <lines>
                <line number="6" hits="16" branch="False" />
              </lines>
            </method>
            <method name="get_Balance" signature="()" line-rate="1" branch-rate="1" complexity="1">
              <lines>
                <line number="7" hits="16" branch="False" />
              </lines>
            </method>
          </methods>
          <lines>
            <line number="5" hits="15" branch="False" />
            <line number="6" hits="16" branch="False" />
            <line number="7" hits="16" branch="False" />
          </lines>
        </class>
        <class name="HseBankLibrary.Models.Domain.DTO.CategoryDTO" filename="HseBankLibrary\Models\Domain\DTO\CategoryDTO.cs" line-rate="1" branch-rate="1" complexity="2">
          <methods>
            <method name="get_ID" signature="()" line-rate="1" branch-rate="1" complexity="1">
              <lines>
                <line number="5" hits="15" branch="False" />
              </lines>
            </method>
            <method name="get_Name" signature="()" line-rate="1" branch-rate="1" complexity="1">
              <lines>
                <line number="6" hits="16" branch="False" />
              </lines>
            </method>
          </methods>
          <lines>
            <line number="5" hits="15" branch="False" />
            <line number="6" hits="16" branch="False" />
          </lines>
        </class>
        <class name="HseBankLibrary.Models.Domain.DTO.OperationDTO" filename="HseBankLibrary\Models\Domain\DTO\OperationDTO.cs" line-rate="1" branch-rate="1" complexity="7">
          <methods>
            <method name="get_ID" signature="()" line-rate="1" branch-rate="1" complexity="1">
              <lines>
                <line number="5" hits="15" branch="False" />
              </lines>
            </method>
            <method name="get_IsIncome" signature="()" line-rate="1" branch-rate="1" complexity="1">
              <lines>
                <line number="6" hits="16" branch="False" />
              </lines>
            </method>
            <method name="get_BankAccountID" signature="()" line-rate="1" branch-rate="1" complexity="1">
              <lines>
                <line number="7" hits="16" branch="False" />
              </lines>
            </method>
            <method name="get_CategoryID" signature="()" line-rate="1" branch-rate="1" complexity="1">
              <lines>
                <line number="8" hits="16" branch="False" />
              </lines>
            </method>
            <method name="get_Amount" signature="()" line-rate="1" branch-rate="1" complexity="1">
              <lines>
                <line number="9" hits="16" branch="False" />
              </lines>
            </method>
            <method name="get_Date" signature="()" line-rate="1" branch-rate="1" complexity="1">
              <lines>
                <line number="10" hits="16" branch="False" />
              </lines>
            </method>
            <method name="get_Description" signature="()" line-rate="1" branch-rate="1" complexity="1">
              <lines>
                <line number="11" hits="16" branch="False" />
              </lines>
            </method>
          </methods>
          <lines>
            <line number="5" hits="15" branch="False" />
            <line number="6" hits="16" branch="False" />
            <line number="7" hits="16" branch="False" />
            <line number="8" hits="16" branch="False" />
            <line number="9" hits="16" branch="False" />
            <line number="10" hits="16" branch="False" />
            <line number="11" hits="16" branch="False" />
          </lines>
        </class>
        <class name="HseBankLibrary.Factories.BankAccountFactory" filename="HseBankLibrary\Factories\BankAccountFactory.cs" line-rate="1" branch-rate="0.5" complexity="2">
          <methods>
            <method name="Create" signature="(HseBankLibrary.Models.Domain.DTO.BankAccountDTO)" line-rate="1" branch-rate="0.5" complexity="2">
              <lines>
                <line number="12" hits="4" branch="False" />
                <line number="13" hits="4" branch="False" />
                <line number="15" hits="4" branch="True" condition-coverage="50% (1/2)">
                  <conditions>
                    <condition number="39" type="jump" coverage="50%" />
                  </conditions>
                </line>
                <line number="16" hits="4" branch="False" />
                <line number="17" hits="4" branch="False" />
                <line number="18" hits="4" branch="False" />
                <line number="19" hits="4" branch="False" />
                <line number="20" hits="4" branch="False" />
                <line number="21" hits="4" branch="False" />
              </lines>
            </method>
          </methods>
          <lines>
            <line number="12" hits="4" branch="False" />
            <line number="13" hits="4" branch="False" />
            <line number="15" hits="4" branch="True" condition-coverage="50% (1/2)">
              <conditions>
                <condition number="39" type="jump" coverage="50%" />
              </conditions>
            </line>
            <line number="16" hits="4" branch="False" />
            <line number="17" hits="4" branch="False" />
            <line number="18" hits="4" branch="False" />
            <line number="19" hits="4" branch="False" />
            <line number="20" hits="4" branch="False" />
            <line number="21" hits="4" branch="False" />
          </lines>
        </class>
        <class name="HseBankLibrary.Factories.CategoryFactory" filename="HseBankLibrary\Factories\CategoryFactory.cs" line-rate="1" branch-rate="0.5" complexity="2">
          <methods>
            <method name="Create" signature="(HseBankLibrary.Models.Domain.DTO.CategoryDTO)" line-rate="1" branch-rate="0.5" complexity="2">
              <lines>
                <line number="12" hits="4" branch="False" />
                <line number="13" hits="4" branch="False" />
                <line number="15" hits="4" branch="True" condition-coverage="50% (1/2)">
                  <conditions>
                    <condition number="39" type="jump" coverage="50%" />
                  </conditions>
                </line>
                <line number="16" hits="4" branch="False" />
                <line number="17" hits="4" branch="False" />
                <line number="18" hits="4" branch="False" />
                <line number="19" hits="4" branch="False" />
                <line number="20" hits="4" branch="False" />
              </lines>
            </method>
          </methods>
          <lines>
            <line number="12" hits="4" branch="False" />
            <line number="13" hits="4" branch="False" />
            <line number="15" hits="4" branch="True" condition-coverage="50% (1/2)">
              <conditions>
                <condition number="39" type="jump" coverage="50%" />
              </conditions>
            </line>
            <line number="16" hits="4" branch="False" />
            <line number="17" hits="4" branch="False" />
            <line number="18" hits="4" branch="False" />
            <line number="19" hits="4" branch="False" />
            <line number="20" hits="4" branch="False" />
          </lines>
        </class>
        <class name="HseBankLibrary.Factories.OperationFactory" filename="HseBankLibrary\Factories\OperationFactory.cs" line-rate="1" branch-rate="0.75" complexity="4">
          <methods>
            <method name="Create" signature="(HseBankLibrary.Models.Domain.DTO.OperationDTO)" line-rate="1" branch-rate="0.75" complexity="4">
              <lines>
                <line number="12" hits="4" branch="False" />
                <line number="13" hits="4" branch="False" />
                <line number="15" hits="4" branch="True" condition-coverage="75% (3/4)">
                  <conditions>
                    <condition number="26" type="jump" coverage="100%" />
                    <condition number="113" type="jump" coverage="50%" />
                  </conditions>
                </line>
                <line number="16" hits="4" branch="False" />
                <line number="17" hits="4" branch="False" />
[...]
                  </conditions>
                </line>
                <line number="113" hits="0" branch="False" />
                <line number="114" hits="0" branch="False" />
              </lines>
            </method>
            <method name="PrintMenu" signature="()" line-rate="1" branch-rate="1" complexity="4">
              <lines>
                <line number="121" hits="10" branch="False" />
                <line number="122" hits="10" branch="False" />
                <line number="124" hits="20" branch="True" condition-coverage="100% (2/2)">
                  <conditions>
                    <condition number="19" type="jump" coverage="100%" />
                  </conditions>
                </line>
                <line number="126" hits="104" branch="True" condition-coverage="100% (2/2)">
                  <conditions>
                    <condition number="127" type="jump" coverage="100%" />
                  </conditions>
                </line>
                <line number="127" hits="37" branch="False" />
                <line number="128" hits="37" branch="False" />
                <line number="129" hits="37" branch="False" />
                <line number="131" hits="10" branch="False" />
                <line number="132" hits="10" branch="False" />
              </lines>
            </method>
            <method name="SelectItem" signature="(System.Int32)" line-rate="0.8887999999999999" branch-rate="0.6" complexity="10">
              <lines>
                <line number="140" hits="10" branch="False" />
                <line number="141" hits="10" branch="True" condition-coverage="50% (3/6)">
                  <conditions>
                    <condition number="13" type="jump" coverage="50%" />
                    <condition number="17" type="jump" coverage="50%" />
                    <condition number="28" type="jump" coverage="50%" />
                  </conditions>
                </line>
                <line number="143" hits="10" branch="False" />
                <line number="144" hits="94" branch="True" condition-coverage="50% (1/2)">
                  <conditions>
                    <condition number="89" type="jump" coverage="50%" />
                  </conditions>
                </line>
                <line number="145" hits="37" branch="False" />
                <line number="146" hits="47" branch="True" condition-coverage="100% (2/2)">
                  <conditions>
                    <condition number="74" type="jump" coverage="100%" />
                  </conditions>
                </line>
                <line number="147" hits="27" branch="False" />
                <line number="149" hits="0" branch="False" />
                <line number="150" hits="10" branch="False" />
              </lines>
            </method>
            <method name="Stop" signature="()" line-rate="1" branch-rate="1" complexity="1">
              <lines>
                <line number="156" hits="12" branch="False" />
                <line number="157" hits="12" branch="False" />
                <line number="158" hits="12" branch="False" />
              </lines>
            </method>
            <method name=".ctor" signature="()" line-rate="1" branch-rate="1" complexity="1">
              <lines>
                <line number="10" hits="12" branch="False" />
                <line number="11" hits="12" branch="False" />
                <line number="12" hits="12" branch="False" />
              </lines>
            </method>
          </methods>
          <lines>
            <line number="17" hits="32" branch="False" />
            <line number="24" hits="20" branch="False" />
            <line number="25" hits="10" branch="True" condition-coverage="50% (1/2)">
              <conditions>
                <condition number="3" type="jump" coverage="50%" />
              </conditions>
            </line>
            <line number="33" hits="37" branch="False" />
            <line number="34" hits="37" branch="True" condition-coverage="100% (2/2)">
              <conditions>
                <condition number="7" type="jump" coverage="100%" />
              </conditions>
            </line>
            <line number="35" hits="37" branch="False" />
            <line number="36" hits="37" branch="False" />
            <line number="44" hits="0" branch="False" />
            <line number="45" hits="0" branch="True" condition-coverage="0% (0/6)">
              <conditions>
                <condition number="2" type="jump" coverage="0%" />
                <condition number="6" type="jump" coverage="0%" />
                <condition number="27" type="jump" coverage="0%" />
              </conditions>
            </line>
            <line number="46" hits="0" branch="False" />
            <line number="47" hits="0" branch="False" />
            <line number="54" hits="0" branch="False" />
            <line number="55" hits="0" branch="False" />
            <line number="56" hits="0" branch="False" />
            <line number="63" hits="10" branch="False" />
            <line number="64" hits="10" branch="False" />
            <line number="66" hits="20" branch="True" condition-coverage="100% (2/2)">
              <conditions>
                <condition number="202" type="jump" coverage="100%" />
              </conditions>
            </line>
            <line number="67" hits="10" branch="False" />
            <line number="69" hits="10" branch="True" condition-coverage="50% (1/2)">
              <conditions>
                <condition number="22" type="jump" coverage="50%" />
              </conditions>
            </line>
            <line number="70" hits="10" branch="False" />
            <line number="73" hits="10" branch="True" condition-coverage="50% (1/2)">
              <conditions>
                <condition number="45" type="jump" coverage="50%" />
              </conditions>
            </line>
            <line number="74" hits="0" branch="False" />
            <line number="75" hits="0" branch="False" />
            <line number="76" hits="0" branch="False" />
            <line number="77" hits="0" branch="False" />
            <line number="81" hits="10" branch="False" />
            <line number="82" hits="10" branch="False" />
            <line number="83" hits="10" branch="False" />
            <line number="85" hits="10" branch="True" condition-coverage="50% (1/2)">
              <conditions>
                <condition number="101" type="jump" coverage="50%" />
              </conditions>
            </line>
            <line number="86" hits="0" branch="False" />
            <line number="87" hits="0" branch="False" />
            <line number="88" hits="0" branch="True" condition-coverage="50% (1/2)">
              <conditions>
                <condition number="125" type="jump" coverage="50%" />
              </conditions>
            </line>
            <line number="89" hits="0" branch="False" />
            <line number="93" hits="10" branch="False" />
            <line number="94" hits="10" branch="False" />
            <line number="97" hits="10" branch="True" condition-coverage="50% (1/2)">
              <conditions>
                <condition number="160" type="jump" coverage="50%" />
              </conditions>
            </line>
            <line number="98" hits="10" branch="False" />
            <line number="101" hits="12" branch="True" condition-coverage="100% (2/2)">
              <conditions>
                <condition number="182" type="jump" coverage="100%" />
              </conditions>
            </line>
            <line number="102" hits="10" branch="False" />
            <line number="103" hits="10" branch="False" />
            <line number="109" hits="0" branch="False" />
            <line number="110" hits="0" branch="False" />
            <line number="111" hits="0" branch="False" />
            <line number="112" hits="0" branch="True" condition-coverage="0% (0/2)">
              <conditions>
                <condition number="45" type="jump" coverage="0%" />
              </conditions>
            </line>
            <line number="113" hits="0" branch="False" />
            <line number="114" hits="0" branch="False" />
            <line number="121" hits="10" branch="False" />
            <line number="122" hits="10" branch="False" />
            <line number="124" hits="20" branch="True" condition-coverage="100% (2/2)">
              <conditions>
                <condition number="19" type="jump" coverage="100%" />
              </conditions>
            </line>
            <line number="126" hits="104" branch="True" condition-coverage="100% (2/2)">
              <conditions>
                <condition number="127" type="jump" coverage="100%" />
              </conditions>
            </line>
            <line number="127" hits="37" branch="False" />
            <line number="128" hits="37" branch="False" />
            <line number="129" hits="37" branch="False" />
            <line number="131" hits="10" branch="False" />
            <line number="132" hits="10" branch="False" />
            <line number="140" hits="10" branch="False" />
            <line number="141" hits="10" branch="True" condition-coverage="50% (3/6)">
              <conditions>
                <condition number="13" type="jump" coverage="50%" />
                <condition number="17" type="jump" coverage="50%" />
                <condition number="28" type="jump" coverage="50%" />
              </conditions>
            </line>
            <line number="143" hits="10" branch="False" />
            <line number="144" hits="94" branch="True" condition-coverage="50% (1/2)">
              <conditions>
                <condition number="89" type="jump" coverage="50%" />
              </conditions>
            </line>
            <line number="145" hits="37" branch="False" />
            <line number="146" hits="47" branch="True" condition-coverage="100% (2/2)">
              <conditions>
                <condition number="74" type="jump" coverage="100%" />
              </conditions>
            </line>
            <line number="147" hits="27" branch="False" />
            <line number="149" hits="0" branch="False" />
            <line number="150" hits="10" branch="False" />
            <line number="156" hits="12" branch="False" />
            <line number="157" hits="12" branch="False" />
            <line number="158" hits="12" branch="False" />
            <line number="10" hits="12" branch="False" />
            <line number="11" hits="12" branch="False" />
            <line number="12" hits="12" branch="False" />
          </lines>
        </class>
        <class name="MenuLibrary.MenuItem" filename="MenuLibrary\MenuItem.cs" line-rate="0.65" branch-rate="0.5" complexity="10">
          <methods>
            <method name="get_Title" signature="()" line-rate="1" branch-rate="1" complexity="1">
              <lines>
                <line number="18" hits="37" branch="False" />
              </lines>
            </method>
            <method name="set_Title" signature="(System.String)" line-rate="1" branch-rate="0.5" complexity="2">
              <lines>
                <line number="19" hits="37" branch="True" condition-coverage="50% (1/2)">
                  <conditions>
                    <condition number="3" type="jump" coverage="50%" />
                  </conditions>
                </line>
              </lines>
            </method>
            <method name="get_Command" signature="()" line-rate="0" branch-rate="1" complexity="1">
              <lines>
                <line number="27" hits="0" branch="False" />
              </lines>
            </method>
            <method name="set_Command" signature="(MenuLibrary.Commands.ICommand`1&lt;MenuLibrary.Commands.CommandArguments&gt;)" line-rate="1" branch-rate="0.5" complexity="2">
              <lines>
                <line number="28" hits="37" branch="True" condition-coverage="50% (1/2)">
                  <conditions>
                    <condition number="3" type="jump" coverage="50%" />
                  </conditions>
                </line>
              </lines>
            </method>
            <method name="Execute" signature="(MenuLibrary.Commands.CommandArguments)" line-rate="1" branch-rate="1" complexity="1">
              <lines>
                <line number="46" hits="10" branch="False" />
                <line number="47" hits="10" branch="False" />
                <line number="48" hits="10" branch="False" />
              </lines>
            </method>
            <method name=".ctor" signature="()" line-rate="0.5" branch-rate="1" complexity="1">
              <lines>
                <line number="10" hits="37" branch="False" />
                <line number="11" hits="37" branch="False" />
                <line number="31" hits="0" branch="False" />
                <line number="32" hits="0" branch="False" />
              </lines>
            </method>
            <method name=".ctor" signature="(System.String)" line-rate="0" branch-rate="1" complexity="1">
              <lines>
                <line number="34" hits="0" branch="False" />
                <line number="35" hits="0" branch="False" />
                <line number="36" hits="0" branch="False" />
                <line number="37" hits="0" branch="False" />
              </lines>
            </method>
            <method name=".ctor" signature="(System.String,MenuLibrary.Commands.ICommand`1&lt;MenuLibrary.Commands.CommandArguments&gt;)" line-rate="1" branch-rate="1" complexity="1">
              <lines>
                <line number="39" hits="37" branch="False" />
                <line number="40" hits="37" branch="False" />
                <line number="41" hits="37" branch="False" />
                <line number="42" hits="37" branch="False" />
                <line number="43" hits="37" branch="False" />
              </lines>
            </method>
          </methods>
          <lines>
            <line number="18" hits="37" branch="False" />
            <line number="19" hits="37" branch="True" condition-coverage="50% (1/2)">
              <conditions>
                <condition number="3" type="jump" coverage="50%" />
              </conditions>
            </line>
            <line number="27" hits="0" branch="False" />
            <line number="28" hits="37" branch="True" condition-coverage="50% (1/2)">
              <conditions>
                <condition number="3" type="jump" coverage="50%" />
              </conditions>
            </line>
            <line number="46" hits="10" branch="False" />
            <line number="47" hits="10" branch="False" />
            <line number="48" hits="10" branch="False" />
            <line number="10" hits="37" branch="False" />
            <line number="11" hits="37" branch="False" />
            <line number="31" hits="0" branch="False" />
            <line number="32" hits="0" branch="False" />
            <line number="34" hits="0" branch="False" />
            <line number="35" hits="0" branch="False" />
            <line number="36" hits="0" branch="False" />
            <line number="37" hits="0" branch="False" />
            <line number="39" hits="37" branch="False" />
            <line number="40" hits="37" branch="False" />
            <line number="41" hits="37" branch="False" />
            <line number="42" hits="37" branch="False" />
            <line number="43" hits="37" branch="False" />
          </lines>
        </class>
        <class name="MenuLibrary.Commands.CommandArguments" filename="MenuLibrary\Commands\CommandArguments.cs" line-rate="1" branch-rate="1" complexity="3">
          <methods>
            <method name="get_AskForEnter" signature="()" line-rate="1" branch-rate="1" complexity="1">
              <lines>
                <line number="11" hits="97" branch="False" />
              </lines>
            </method>
            <method name=".ctor" signature="()" line-rate="1" branch-rate="1" complexity="1">
              <lines>
                <line number="13" hits="34" branch="False" />
                <line number="14" hits="68" branch="False" />
              </lines>
            </method>
            <method name=".ctor" signature="(System.Boolean)" line-rate="1" branch-rate="1" complexity="1">
              <lines>
                <line number="16" hits="10" branch="False" />
                <line number="17" hits="10" branch="False" />
                <line number="18" hits="10" branch="False" />
                <line number="19" hits="10" branch="False" />
              </lines>
            </method>
          </methods>
          <lines>
            <line number="11" hits="97" branch="False" />
            <line number="13" hits="34" branch="False" />
            <line number="14" hits="68" branch="False" />
            <line number="16" hits="10" branch="False" />
            <line number="17" hits="10" branch="False" />
            <line number="18" hits="10" branch="False" />
            <line number="19" hits="10" branch="False" />
          </lines>
        </class>
        <class name="MenuLibrary.Commands.EmptyCommand" filename="MenuLibrary\Commands\EmptyCommand.cs" line-rate="0.9166" branch-rate="1" complexity="5">
          <methods>
            <method name="get_Instance" signature="()" line-rate="1" branch-rate="1" complexity="2">
              <lines>
                <line number="14" hits="37" branch="False" />
                <line number="15" hits="37" branch="False" />
                <line number="16" hits="37" branch="False" />
                <line number="17" hits="37" branch="True" condition-coverage="100% (2/2)">
                  <conditions>
                    <condition number="24" type="jump" coverage="100%" />
                  </conditions>
                </line>
                <line number="18" hits="37" branch="False" />
                <line number="20" hits="37" branch="False" />
                <line number="21" hits="37" branch="False" />
              </lines>
            </method>
            <method name="Execute" signature="(MenuLibrary.Commands.CommandArguments)" line-rate="0" branch-rate="1" complexity="1">
              <lines>
                <line number="28" hits="0" branch="False" />
              </lines>
            </method>
            <method name=".ctor" signature="()" line-rate="1" branch-rate="1" complexity="1">
              <lines>
                <line number="24" hits="1" branch="False" />
                <line number="25" hits="2" branch="False" />
              </lines>
            </method>
            <method name=".cctor" signature="()" line-rate="1" branch-rate="1" complexity="1">
              <lines>
                <line number="8" hits="1" branch="False" />
                <line number="9" hits="1" branch="False" />
              </lines>
            </method>
          </methods>
          <lines>
            <line number="14" hits="37" branch="False" />
            <line number="15" hits="37" branch="False" />
            <line number="16" hits="37" branch="False" />
            <line number="17" hits="37" branch="True" condition-coverage="100% (2/2)">
              <conditions>
                <condition number="24" type="jump" coverage="100%" />
              </conditions>
            </line>
            <line number="18" hits="37" branch="False" />
            <line number="20" hits="37" branch="False" />
            <line number="21" hits="37" branch="False" />
            <line number="28" hits="0" branch="False" />
            <line number="24" hits="1" branch="False" />
            <line number="25" hits="2" branch="False" />
            <line number="8" hits="1" branch="False" />
            <line number="9" hits="1" branch="False" />
          </lines>
        </class>
      </classes>
    </package>
  </packages>
</coverage>